2022-07-22 11:03:55,833-INFO-We are at Login Page and selecting SSO logging method
2022-07-22 11:04:09,717-INFO-We are at Catalog Page now
2022-07-22 11:04:48,958-INFO-We are at Login Page and selecting SSO logging method
2022-07-22 11:05:03,981-INFO-We are at Catalog Page now
2022-07-22 11:05:26,022-INFO-Group Filter slider bar should be ON now
2022-07-22 11:05:26,022-INFO-Filtering the owned by Column by name:- bhatr8
2022-07-22 11:05:32,563-INFO-Filtering the available assets by today's date which is 2022-07-22 11:05:32.563621
2022-07-22 11:05:43,489-INFO-We have 5.0 number of bundle available to be reserved which are owned by bhatr8
2022-07-22 11:05:43,643-INFO-We are going to reserve bundle ODBCK_crkrmfesx073_DS_Sustaining
2022-07-22 11:05:53,855-ERROR-Asset can not be reserved. It might be empty
2022-07-22 11:11:09,541-INFO-We are at Login Page and selecting SSO logging method
2022-07-22 11:11:23,745-INFO-We are at Catalog Page now
2022-07-22 11:11:28,063-INFO-Group Filter slider bar should be ON now
2022-07-22 11:11:28,064-INFO-Filtering the owned by Column by name:- bhatr8
2022-07-22 11:11:32,719-INFO-Filtering the available assets by today's date which is 2022-07-22 11:11:32.719615
2022-07-22 11:11:42,404-INFO-We have 49.0 number of bundle available to be reserved which are owned by bhatr8
2022-07-22 11:11:43,262-INFO-We are going to reserve bundle OBA2_JLC2_Cumulative Bundle
2022-07-22 11:12:20,359-INFO-Bundle is not empty
2022-07-22 11:15:26,176-INFO-We are at Login Page and selecting SSO logging method
2022-07-22 11:16:01,459-INFO-We are at Catalog Page now
2022-07-22 11:16:07,433-INFO-Group Filter slider bar should be ON now
2022-07-22 11:16:07,433-INFO-Filtering the owned by Column by name:- bhatr8
2022-07-22 11:16:12,595-INFO-Filtering the available assets by today's date which is 2022-07-22 11:16:12.595064
2022-07-22 11:16:23,083-INFO-We have 5.0 number of bundle available to be reserved which are owned by bhatr8
2022-07-22 11:16:23,224-INFO-We are going to reserve bundle ODBCK_crkrmfesx073_DS_Sustaining
2022-07-22 11:16:33,436-ERROR-Asset can not be reserved. It might be empty
2022-07-22 11:22:10,957-INFO-We are at Catalog Page now
2022-07-22 11:24:53,147-INFO-We are at Login Page and selecting SSO logging method
2022-07-22 11:25:29,578-INFO-We are at Catalog Page now
2022-07-22 11:25:33,752-INFO-Group Filter slider bar should be ON now
2022-07-22 11:25:33,752-INFO-Filtering the owned by Column by name:- bhatr8
2022-07-22 11:25:41,507-INFO-Filtering the available assets by today's date which is 2022-07-22 11:25:41.507055
2022-07-22 11:25:51,438-INFO-We have 5.0 number of bundle available to be reserved which are owned by bhatr8
2022-07-22 11:25:51,566-INFO-We are going to reserve bundle ODBCK_crkrmfesx073_DS_Sustaining
2022-07-22 11:26:02,153-ERROR-Asset can not be reserved. It might be empty
2022-07-22 11:43:57,360-INFO-We are at Login Page and selecting SSO logging method
2022-07-22 11:44:10,392-INFO-We are at Catalog Page now
2022-07-22 11:44:13,143-INFO-Group Filter slider bar should be ON now
2022-07-22 11:44:13,143-INFO-Filtering the owned by Column by name:- bhatr8
2022-07-22 11:44:17,903-INFO-Filtering the available assets by today's date which is 2022-07-22 11:44:17.903042
2022-07-22 11:44:28,270-INFO-We have 5.0 number of bundle available to be reserved which are owned by bhatr8
2022-07-22 11:44:28,465-INFO-We are going to reserve bundle ODBCK_crkrmfesx073_DS_Sustaining
2022-07-22 11:44:38,301-ERROR-Asset can not be reserved. It might be empty
2022-07-22 11:48:33,626-INFO-We are at Login Page and selecting SSO logging method
2022-07-22 11:48:45,343-INFO-We are at Catalog Page now
2022-07-22 11:48:47,915-INFO-Group Filter slider bar should be ON now
2022-07-22 11:48:47,916-INFO-Filtering the owned by Column by name:- bhatr8
2022-07-22 11:48:52,617-INFO-Filtering the available assets by today's date which is 2022-07-22 11:48:52.617251
2022-07-22 11:49:02,599-INFO-We have 5.0 number of bundle available to be reserved which are owned by bhatr8
2022-07-22 11:49:02,675-INFO-We are going to reserve bundle ODBCK_crkrmfesx073_DS_Sustaining
2022-07-22 11:49:12,670-ERROR-Asset can not be reserved. It might be empty
2022-07-22 11:49:44,728-INFO-Bundle is not empty
2022-07-22 11:53:55,758-INFO-We are at Login Page and selecting SSO logging method
2022-07-22 11:54:27,563-INFO-We are at Catalog Page now
2022-07-22 11:54:31,946-INFO-Group Filter slider bar should be ON now
2022-07-22 11:54:31,946-INFO-Filtering the owned by Column by name:- bhatr8
2022-07-22 11:54:37,776-INFO-Filtering the available assets by today's date which is 2022-07-22 11:54:37.776300
2022-07-22 11:54:48,615-INFO-We have 5.0 number of bundle available to be reserved which are owned by bhatr8
2022-07-22 11:54:48,739-INFO-We are going to reserve bundle ODBCK_crkrmfesx073_DS_Sustaining
2022-07-22 11:54:58,954-ERROR-Asset can not be reserved. It might be empty
2022-07-22 11:56:54,897-INFO-We are at Login Page and selecting SSO logging method
2022-07-22 11:57:05,221-INFO-We are at Catalog Page now
2022-07-22 11:57:07,900-INFO-Group Filter slider bar should be ON now
2022-07-22 11:57:07,900-INFO-Filtering the owned by Column by name:- bhatr8
2022-07-22 11:57:12,573-INFO-Filtering the available assets by today's date which is 2022-07-22 11:57:12.573731
2022-07-22 11:57:22,791-INFO-We have 5.0 number of bundle available to be reserved which are owned by bhatr8
2022-07-22 11:57:22,875-INFO-We are going to reserve bundle ODBCK_crkrmfesx073_DS_Sustaining
2022-07-22 11:57:32,620-ERROR-Asset can not be reserved. It might be empty
2022-07-22 11:58:40,754-INFO-We are at Login Page and selecting SSO logging method
2022-07-22 11:58:51,552-INFO-We are at Catalog Page now
2022-07-22 11:58:54,339-INFO-Group Filter slider bar should be ON now
2022-07-22 11:58:54,339-INFO-Filtering the owned by Column by name:- bhatr8
2022-07-22 11:58:59,392-INFO-Filtering the available assets by today's date which is 2022-07-22 11:58:59.392085
2022-07-22 11:59:09,745-INFO-We have 5.0 number of bundle available to be reserved which are owned by bhatr8
2022-07-22 11:59:09,829-INFO-We are going to reserve bundle ODBCK_crkrmfesx073_DS_Sustaining
2022-07-22 11:59:19,586-ERROR-Asset can not be reserved. It might be empty
2022-07-22 11:59:26,916-INFO-We are at Catalog Page now
2022-07-22 11:59:26,972-INFO-Group Filter slider bar should be ON now
2022-07-22 11:59:26,972-INFO-Filtering the owned by Column by name:- bhatr8
2022-07-22 11:59:31,407-INFO-Filtering the available assets by today's date which is 2022-07-22 11:59:31.407522
2022-07-22 11:59:40,810-INFO-We are going to reserve bundle OLCN1_DQAI075_DS_Sustain
2022-07-22 11:59:50,978-ERROR-Asset can not be reserved. It might be empty
2022-07-22 11:59:58,293-INFO-We are at Catalog Page now
2022-07-22 11:59:58,316-INFO-Group Filter slider bar should be ON now
2022-07-22 11:59:58,317-INFO-Filtering the owned by Column by name:- bhatr8
2022-07-22 12:00:03,115-INFO-Filtering the available assets by today's date which is 2022-07-22 12:00:03.115090
2022-07-22 12:00:12,565-INFO-We are going to reserve bundle RDFCK_CRKRMBESX143_DS_SUSTAINING
2022-07-22 12:00:24,629-ERROR-Asset can not be reserved. It might be empty
2022-07-22 12:00:32,021-INFO-We are at Catalog Page now
2022-07-22 12:00:32,047-INFO-Group Filter slider bar should be ON now
2022-07-22 12:00:32,047-INFO-Filtering the owned by Column by name:- bhatr8
2022-07-22 12:00:36,565-INFO-Filtering the available assets by today's date which is 2022-07-22 12:00:36.565811
2022-07-22 12:00:45,989-INFO-We are going to reserve bundle RFACK_RFJCK_CRKRMB119_DS_Sustaining
2022-07-22 12:00:56,997-ERROR-Asset can not be reserved. It might be empty
2022-07-22 12:01:04,327-INFO-We are at Catalog Page now
2022-07-22 12:01:04,349-INFO-Group Filter slider bar should be ON now
2022-07-22 12:01:04,350-INFO-Filtering the owned by Column by name:- bhatr8
2022-07-22 12:01:09,044-INFO-Filtering the available assets by today's date which is 2022-07-22 12:01:09.044785
2022-07-22 12:01:18,534-INFO-We are going to reserve bundle RP_Bundle_DS_Sustaining
2022-07-22 12:01:28,248-ERROR-Asset can not be reserved. It might be empty
2022-07-22 12:01:35,568-INFO-We are at Catalog Page now
2022-07-22 12:01:35,603-INFO-Group Filter slider bar should be ON now
2022-07-22 12:01:35,603-INFO-Filtering the owned by Column by name:- bhatr8
2022-07-22 12:01:40,015-INFO-Filtering the available assets by today's date which is 2022-07-22 12:01:40.015199
